<?xml version="1.0" encoding="UTF-8"?>
<!-- Generated by org.testng.reporters.JUnitReportReporter -->
<testsuite skipped="0" hostname="Dell" name="com.test.Execution" tests="1" failures="0" timestamp="30 Aug 2022 05:35:28 GMT" time="1.143" errors="0">
  <testcase name="searchPage" time="1.143" classname="com.test.Execution"/>
</testsuite> <!-- com.test.Execution -->
